<?xml version="1.0" encoding="UTF-8"?>
<!-- Generated by org.testng.reporters.JUnitXMLReporter -->
<testsuite ignored="0" hostname="DESKTOP-SOP67RV" failures="0" tests="5" name="WebTestSuite" time="21.414" errors="0" timestamp="2023-12-02T09:58:41 ICT">
  <testcase classname="test.TestProjectWeb" name="testWebPageTitle" time="3.089"/>
  <testcase classname="test.TestProjectWeb" name="testClickLogin" time="2.21"/>
  <testcase classname="test.TestProjectWeb" name="testSuccessfulLoginAndLogout" time="5.617"/>
  <testcase classname="test.TestProjectWeb" name="testUrlVideo" time="7.45"/>
  <testcase classname="test.TestProjectWeb" name="testVideoDetails" time="0.98"/>
</testsuite> <!-- WebTestSuite -->
